<?xml version="1.0" encoding="UTF-8"?>
<!-- Generated by org.testng.reporters.JUnitReportReporter -->
<testsuite hostname="Shakuntalas-MacBook-Pro.local" failures="0" tests="1" name="com.Spree.TestCase.CheckoutOrderAmountValidationTest" time="6.807" errors="0" timestamp="16 Mar 2021 15:19:13 GMT" skipped="0">
  <testcase classname="com.Spree.TestCase.CheckoutOrderAmountValidationTest" name="verifyCheckoutOrderAmount" time="6.807"/>
</testsuite> <!-- com.Spree.TestCase.CheckoutOrderAmountValidationTest -->
