<?xml version="1.0" encoding="UTF-8"?>
<!-- Generated by org.testng.reporters.JUnitReportReporter -->
<testsuite hostname="Shakuntalas-MacBook-Pro.local" failures="0" tests="1" name="com.Spree.TestCase.ClearCartValidationTest" time="7.887" errors="0" timestamp="16 Mar 2021 15:19:14 GMT" skipped="0">
  <testcase classname="com.Spree.TestCase.ClearCartValidationTest" name="verifyCheckoutOrderAmount" time="7.887"/>
</testsuite> <!-- com.Spree.TestCase.ClearCartValidationTest -->
