<?xml version="1.0" encoding="UTF-8"?>
<!-- Generated by org.testng.reporters.JUnitReportReporter -->
<testsuite hostname="Shakuntalas-MacBook-Pro.local" failures="0" tests="1" name="com.Spree.TestCase.SearchFilterProductRangeValidationTest" time="5.107" errors="0" timestamp="16 Mar 2021 15:19:14 GMT" skipped="0">
  <testcase classname="com.Spree.TestCase.SearchFilterProductRangeValidationTest" name="verifyFilterSearchProdutRange" time="5.107"/>
</testsuite> <!-- com.Spree.TestCase.SearchFilterProductRangeValidationTest -->
