<?xml version="1.0" encoding="UTF-8"?>
<!-- Generated by org.testng.reporters.JUnitReportReporter -->
<testsuite hostname="Shakuntalas-MacBook-Pro.local" failures="0" tests="4" name="com.Spree.TestCase.LoginLogoutValidationTest" time="10.994" errors="0" timestamp="16 Mar 2021 15:19:14 GMT" skipped="0">
  <testcase classname="com.Spree.TestCase.LoginLogoutValidationTest" name="verifyInvalidLoginMessageTooltip" time="1.596"/>
  <testcase classname="com.Spree.TestCase.LoginLogoutValidationTest" name="verifyLoginSuccessMessage" time="2.171"/>
  <testcase classname="com.Spree.TestCase.LoginLogoutValidationTest" name="logout" time="3.782"/>
  <testcase classname="com.Spree.TestCase.LoginLogoutValidationTest" name="verifyInvalidLoginMessage" time="3.445"/>
</testsuite> <!-- com.Spree.TestCase.LoginLogoutValidationTest -->
